This is LuaHBTeX, Version 1.21.0 (TeX Live 2025)  (format=optex 2026.2.22)  5 JUN 2026 17:44
 restricted system commands enabled.
**./src/invoice.tex
(./src/invoice.tex This is OpTeX (Olsak's Plain TeX), version <1.17 Feb 2025>
Loading hyphenation for Czech: \language=7 (cs)

(/usr/local/texlive/2025/texmf-dist/tex/generic/hyph-utf8/patterns/tex/hyph-cs.
tex) (/usr/local/texlive/2025/texmf-dist/tex/optex/base/f-heros.opm
luaotfload | conf : Root cache directory is "/Users/ondrejfaltin/Library/texlive
/2025/texmf-var/luatex-cache/generic/names".
luaotfload | init : Loading fontloader "fontloader-2023-12-28.lua" from kpse-res
olved path "/usr/local/texlive/2025/texmf-dist/tex/luatex/luaotfload/fontloader-
2023-12-28.lua".
"luaotfload@noligature"=\attribute3
luaotfload | init : Context OpenType loader version 3.134
"luaotfload_color_attribute"=\attribute4
luaotfload | conf : Root cache directory is "/Users/ondrejfaltin/Library/texlive
/2025/texmf-var/luatex-cache/generic/names".
"luaotfload.letterspace_done"=\attribute5
luaotfload | db : Font names database loaded from /Users/ondrejfaltin/Library/te
xlive/2025/texmf-var/luatex-cache/generic/names/luaotfload-names.luc.gz
FONT: [Heros] -- \Heros (TeX Gyre Heros fonts based on Helvetica)
 mods:{\caps \cond } vars:{\rm \bf \it \bi } math:{FiraMath}
Modifiers:
 \caps ...... caps & small caps
 \cond ...... condensed variants
 
MATH-FONT: "[FiraMath-Regular]" -- unicode math prepared.
(/usr/local/texlive/2025/texmf-dist/tex/optex/base/unimath-codes.opm
@:[unimath-codes] Uni math codes <2025-02-09>
\_umathnumA=\count298
\_umathnumB=\count299

(/usr/local/texlive/2025/texmf-dist/tex/optex/base/mathclass.opm)
(/usr/local/texlive/2025/texmf-dist/tex/optex/base/unimath-table.opm))
\_xits=\fam43

add-MATH-FONT: \_xits =43, "[XITSMath-Regular]", bold: "[XITSMath-Bold]"
)
Underfull \hbox (badness 10000) in alignment at lines 123--137
[][][][][]

\hbox(0.0+0.0)x483.69687, direction TLT
.\glue(\tabskip) 0.0
.\unsetbox(0.0+0.0)x36.98857
.\glue(\tabskip) 0.0
.\unsetbox(0.0+0.0)x36.98857
.\glue(\tabskip) 0.0
.\unsetbox(0.0+0.0)x233.31259
.\glue(\tabskip) 0.0
.\unsetbox(0.0+0.0)x85.35826
.\glue(\tabskip) 0.0
.\unsetbox(0.0+0.0)x91.04881
.\glue(\tabskip) 0.0

[1{/usr/local/texlive/2025/texmf-var/fonts/map/pdftex/updmap/pdftex.map}])</usr/
local/texlive/2025/texmf-dist/fonts/opentype/public/tex-gyre/texgyreheros-regula
r.otf></usr/local/texlive/2025/texmf-dist/fonts/opentype/public/tex-gyre/texgyre
heros-bold.otf>
Output written on invoice.pdf (1 page, 12310 bytes).

PDF statistics: 25 PDF objects out of 1000 (max. 8388607)
 15 compressed objects within 1 object stream
 1 named destinations out of 1000 (max. 131072)
 1 words of extra memory for PDF output out of 10000 (max. 100000000)

